<?xml version="1.0" encoding="UTF-8"?>
<testsuite xmlns:xsi="http://www.w3.org/2001/XMLSchema-instance" xsi:noNamespaceSchemaLocation="https://maven.apache.org/surefire/maven-surefire-plugin/xsd/surefire-test-report-3.0.xsd" version="3.0" name="com.mycompany.soloboticas.controller.LoginControllerTest" time="0.5" tests="2" errors="0" skipped="0" failures="0">
  <properties>
[...]
</properties>
  <testcase name="testLoginWithValidCredentials" classname="com.mycompany.soloboticas.controller.LoginControllerTest" time="0.491">
    <system-out><![CDATA[Conexion a la base de datos establecida con exito.
]]></system-out>
  </testcase>
  <testcase name="testLoginWithInvalidCredentials" classname="com.mycompany.soloboticas.controller.LoginControllerTest" time="0.005">
    <system-out><![CDATA[Conexion a la base de datos establecida con exito.
]]></system-out>
  </testcase>
</testsuite>